TN:
SF:src\FileCabinet\SuiteApps\com.netsuite.updatebackfillorders\updateBackfillOrders.js
FN:7,(anonymous_0)
FN:44,(anonymous_1)
FN:94,(anonymous_2)
FN:154,(anonymous_3)
FN:167,(anonymous_4)
FN:184,(anonymous_5)
FN:208,(anonymous_6)
FN:225,(anonymous_7)
FN:256,(anonymous_8)
FN:278,(anonymous_9)
FN:280,(anonymous_10)
FNF:11
FNH:11
FNDA:1,(anonymous_0)
FNDA:1,(anonymous_1)
FNDA:6,(anonymous_2)
FNDA:2,(anonymous_3)
FNDA:6,(anonymous_4)
FNDA:5,(anonymous_5)
FNDA:5,(anonymous_6)
FNDA:5,(anonymous_7)
FNDA:5,(anonymous_8)
FNDA:4,(anonymous_9)
FNDA:1,(anonymous_10)
DA:7,1
DA:44,1
DA:45,1
DA:94,1
DA:95,6
DA:96,6
DA:97,6
DA:98,6
DA:100,6
DA:106,6
DA:110,6
DA:111,6
DA:112,6
DA:113,5
DA:114,5
DA:115,5
DA:154,1
DA:155,2
DA:156,2
DA:167,1
DA:168,6
DA:184,1
DA:190,5
DA:194,5
DA:195,5
DA:208,1
DA:209,5
DA:225,1
DA:230,5
DA:235,5
DA:242,5
DA:244,5
DA:256,1
DA:257,5
DA:262,5
DA:267,5
DA:278,1
DA:279,4
DA:280,1
DA:281,1
DA:286,1
DA:291,1
DA:292,1
DA:293,1
DA:294,1
DA:317,1
LF:46
LH:46
BRDA:112,0,0,5
BRDA:112,0,1,1
BRDA:279,1,0,1
BRDA:279,1,1,3
BRF:4
BRH:4
end_of_record
