<?xml version="1.0" encoding="UTF-8"?>
<coverage generated="1610717736529" clover="3.2.0">
  <project timestamp="1610717736529" name="All files">
    <metrics statements="46" coveredstatements="46" conditionals="4" coveredconditionals="4" methods="11" coveredmethods="11" elements="61" coveredelements="61" complexity="0" loc="46" ncloc="46" packages="1" files="1" classes="1"/>
    <file name="updateBackfillOrders.js" path="C:\Users\KINGUENG\code-samples\updatebackfillorders\src\FileCabinet\SuiteApps\com.netsuite.updatebackfillorders\updateBackfillOrders.js">
      <metrics statements="46" coveredstatements="46" conditionals="4" coveredconditionals="4" methods="11" coveredmethods="11"/>
      <line num="7" count="1" type="stmt"/>
      <line num="44" count="1" type="stmt"/>
      <line num="45" count="1" type="stmt"/>
      <line num="94" count="1" type="stmt"/>
      <line num="95" count="6" type="stmt"/>
      <line num="96" count="6" type="stmt"/>
      <line num="97" count="6" type="stmt"/>
      <line num="98" count="6" type="stmt"/>
      <line num="100" count="6" type="stmt"/>
      <line num="106" count="6" type="stmt"/>
      <line num="110" count="6" type="stmt"/>
      <line num="111" count="6" type="stmt"/>
      <line num="112" count="6" type="cond" truecount="2" falsecount="0"/>
      <line num="113" count="5" type="stmt"/>
      <line num="114" count="5" type="stmt"/>
      <line num="115" count="5" type="stmt"/>
      <line num="154" count="1" type="stmt"/>
      <line num="155" count="2" type="stmt"/>
      <line num="156" count="2" type="stmt"/>
      <line num="167" count="1" type="stmt"/>
      <line num="168" count="6" type="stmt"/>
      <line num="184" count="1" type="stmt"/>
      <line num="190" count="5" type="stmt"/>
      <line num="194" count="5" type="stmt"/>
      <line num="195" count="5" type="stmt"/>
      <line num="208" count="1" type="stmt"/>
      <line num="209" count="5" type="stmt"/>
      <line num="225" count="1" type="stmt"/>
      <line num="230" count="5" type="stmt"/>
      <line num="235" count="5" type="stmt"/>
      <line num="242" count="5" type="stmt"/>
      <line num="244" count="5" type="stmt"/>
      <line num="256" count="1" type="stmt"/>
      <line num="257" count="5" type="stmt"/>
      <line num="262" count="5" type="stmt"/>
      <line num="267" count="5" type="stmt"/>
      <line num="278" count="1" type="stmt"/>
      <line num="279" count="4" type="cond" truecount="2" falsecount="0"/>
      <line num="280" count="1" type="stmt"/>
      <line num="281" count="1" type="stmt"/>
      <line num="286" count="1" type="stmt"/>
      <line num="291" count="1" type="stmt"/>
      <line num="292" count="1" type="stmt"/>
      <line num="293" count="1" type="stmt"/>
      <line num="294" count="1" type="stmt"/>
      <line num="317" count="1" type="stmt"/>
    </file>
  </project>
</coverage>
