{"C:\\Users\\KINGUENG\\code-samples\\updatebackfillorders\\src\\FileCabinet\\SuiteApps\\com.netsuite.updatebackfillorders\\updateBackfillOrders.js": {"path":"C:\\Users\\KINGUENG\\code-samples\\updatebackfillorders\\src\\FileCabinet\\SuiteApps\\com.netsuite.updatebackfillorders\\updateBackfillOrders.js","statementMap":{"0":{"start":{"line":7,"column":0},"end":{"line":318,"column":2}},"1":{"start":{"line":44,"column":23},"end":{"line":49,"column":3}},"2":{"start":{"line":45,"column":4},"end":{"line":48,"column":5}},"3":{"start":{"line":94,"column":14},"end":{"line":118,"column":3}},"4":{"start":{"line":95,"column":19},"end":{"line":95,"column":47}},"5":{"start":{"line":96,"column":19},"end":{"line":96,"column":46}},"6":{"start":{"line":97,"column":24},"end":{"line":97,"column":40}},"7":{"start":{"line":98,"column":30},"end":{"line":98,"column":46}},"8":{"start":{"line":100,"column":34},"end":{"line":104,"column":6}},"9":{"start":{"line":106,"column":22},"end":{"line":108,"column":6}},"10":{"start":{"line":110,"column":4},"end":{"line":117,"column":5}},"11":{"start":{"line":110,"column":17},"end":{"line":110,"column":18}},"12":{"start":{"line":111,"column":28},"end":{"line":111,"column":70}},"13":{"start":{"line":112,"column":6},"end":{"line":116,"column":7}},"14":{"start":{"line":113,"column":8},"end":{"line":113,"column":74}},"15":{"start":{"line":114,"column":8},"end":{"line":114,"column":56}},"16":{"start":{"line":115,"column":8},"end":{"line":115,"column":13}},"17":{"start":{"line":154,"column":20},"end":{"line":157,"column":3}},"18":{"start":{"line":155,"column":4},"end":{"line":155,"column":53}},"19":{"start":{"line":156,"column":4},"end":{"line":156,"column":49}},"20":{"start":{"line":167,"column":27},"end":{"line":173,"column":3}},"21":{"start":{"line":168,"column":4},"end":{"line":172,"column":6}},"22":{"start":{"line":184,"column":30},"end":{"line":198,"column":3}},"23":{"start":{"line":190,"column":4},"end":{"line":193,"column":6}},"24":{"start":{"line":194,"column":21},"end":{"line":194,"column":71}},"25":{"start":{"line":195,"column":4},"end":{"line":197,"column":5}},"26":{"start":{"line":208,"column":35},"end":{"line":214,"column":3}},"27":{"start":{"line":209,"column":4},"end":{"line":213,"column":6}},"28":{"start":{"line":225,"column":30},"end":{"line":248,"column":3}},"29":{"start":{"line":230,"column":4},"end":{"line":233,"column":6}},"30":{"start":{"line":235,"column":4},"end":{"line":240,"column":6}},"31":{"start":{"line":242,"column":4},"end":{"line":242,"column":65}},"32":{"start":{"line":244,"column":4},"end":{"line":247,"column":6}},"33":{"start":{"line":256,"column":29},"end":{"line":270,"column":3}},"34":{"start":{"line":257,"column":15},"end":{"line":260,"column":6}},"35":{"start":{"line":262,"column":4},"end":{"line":265,"column":6}},"36":{"start":{"line":267,"column":4},"end":{"line":269,"column":6}},"37":{"start":{"line":278,"column":22},"end":{"line":289,"column":3}},"38":{"start":{"line":279,"column":4},"end":{"line":288,"column":5}},"39":{"start":{"line":280,"column":6},"end":{"line":287,"column":8}},"40":{"start":{"line":281,"column":8},"end":{"line":285,"column":10}},"41":{"start":{"line":286,"column":8},"end":{"line":286,"column":19}},"42":{"start":{"line":291,"column":25},"end":{"line":291,"column":31}},"43":{"start":{"line":292,"column":23},"end":{"line":292,"column":29}},"44":{"start":{"line":293,"column":27},"end":{"line":293,"column":37}},"45":{"start":{"line":294,"column":34},"end":{"line":315,"column":47}},"46":{"start":{"line":317,"column":2},"end":{"line":317,"column":41}}},"fnMap":{"0":{"name":"(anonymous_0)","decl":{"start":{"line":7,"column":30},"end":{"line":7,"column":31}},"loc":{"start":{"line":7,"column":47},"end":{"line":318,"column":1}},"line":7},"1":{"name":"(anonymous_1)","decl":{"start":{"line":44,"column":23},"end":{"line":44,"column":24}},"loc":{"start":{"line":44,"column":29},"end":{"line":49,"column":3}},"line":44},"2":{"name":"(anonymous_2)","decl":{"start":{"line":94,"column":14},"end":{"line":94,"column":15}},"loc":{"start":{"line":94,"column":30},"end":{"line":118,"column":3}},"line":94},"3":{"name":"(anonymous_3)","decl":{"start":{"line":154,"column":20},"end":{"line":154,"column":21}},"loc":{"start":{"line":154,"column":40},"end":{"line":157,"column":3}},"line":154},"4":{"name":"(anonymous_4)","decl":{"start":{"line":167,"column":27},"end":{"line":167,"column":28}},"loc":{"start":{"line":167,"column":62},"end":{"line":173,"column":3}},"line":167},"5":{"name":"(anonymous_5)","decl":{"start":{"line":184,"column":30},"end":{"line":184,"column":31}},"loc":{"start":{"line":189,"column":7},"end":{"line":198,"column":3}},"line":189},"6":{"name":"(anonymous_6)","decl":{"start":{"line":208,"column":35},"end":{"line":208,"column":36}},"loc":{"start":{"line":208,"column":70},"end":{"line":214,"column":3}},"line":208},"7":{"name":"(anonymous_7)","decl":{"start":{"line":225,"column":30},"end":{"line":225,"column":31}},"loc":{"start":{"line":229,"column":7},"end":{"line":248,"column":3}},"line":229},"8":{"name":"(anonymous_8)","decl":{"start":{"line":256,"column":29},"end":{"line":256,"column":30}},"loc":{"start":{"line":256,"column":64},"end":{"line":270,"column":3}},"line":256},"9":{"name":"(anonymous_9)","decl":{"start":{"line":278,"column":22},"end":{"line":278,"column":23}},"loc":{"start":{"line":278,"column":42},"end":{"line":289,"column":3}},"line":278},"10":{"name":"(anonymous_10)","decl":{"start":{"line":280,"column":37},"end":{"line":280,"column":38}},"loc":{"start":{"line":280,"column":66},"end":{"line":287,"column":7}},"line":280}},"branchMap":{"0":{"loc":{"start":{"line":112,"column":6},"end":{"line":116,"column":7}},"type":"if","locations":[{"start":{"line":112,"column":6},"end":{"line":116,"column":7}},{"start":{"line":112,"column":6},"end":{"line":116,"column":7}}],"line":112},"1":{"loc":{"start":{"line":279,"column":4},"end":{"line":288,"column":5}},"type":"if","locations":[{"start":{"line":279,"column":4},"end":{"line":288,"column":5}},{"start":{"line":279,"column":4},"end":{"line":288,"column":5}}],"line":279}},"s":{"0":1,"1":1,"2":1,"3":1,"4":6,"5":6,"6":6,"7":6,"8":6,"9":6,"10":6,"11":6,"12":6,"13":6,"14":5,"15":5,"16":5,"17":1,"18":2,"19":2,"20":1,"21":6,"22":1,"23":5,"24":5,"25":5,"26":1,"27":5,"28":1,"29":5,"30":5,"31":5,"32":5,"33":1,"34":5,"35":5,"36":5,"37":1,"38":4,"39":1,"40":1,"41":1,"42":1,"43":1,"44":1,"45":1,"46":1},"f":{"0":1,"1":1,"2":6,"3":2,"4":6,"5":5,"6":5,"7":5,"8":5,"9":4,"10":1},"b":{"0":[5,1],"1":[1,3]},"_coverageSchema":"1a1c01bbd47fc00a2c39e90264f33305004495a9","hash":"d3e1d7d36513d896be9634e9bd09823a91fb6d4c"}
}
